TN:Allows the beneficiary to bestow the right to claim to someone else
SF:/home/encryptedhubpc/Desktop/my-code/Blockchain Development/Clarity/timelocked-wallet/contracts/smart-claimant.clar
end_of_record
TN:Allows the beneficiary to bestow the right to claim to someone else
SF:/home/encryptedhubpc/Desktop/my-code/Blockchain Development/Clarity/timelocked-wallet/contracts/timelocked-wallet.clar
FN:25,lock
FN:38,bestow
FN:46,claim
FNDA:1,bestow
FNDA:1,lock
FNF:3
FNH:2
DA:26,1
DA:27,4
DA:28,3
DA:29,4
DA:30,4
DA:31,6
DA:32,3
DA:33,2
DA:34,2
DA:39,1
DA:40,5
DA:41,3
DA:42,2
DA:47,0
DA:48,0
DA:49,0
DA:50,0
end_of_record
TN:Allows the beneficiary to claim the balance when the block-height is reached
SF:/home/encryptedhubpc/Desktop/my-code/Blockchain Development/Clarity/timelocked-wallet/contracts/smart-claimant.clar
end_of_record
TN:Allows the beneficiary to claim the balance when the block-height is reached
SF:/home/encryptedhubpc/Desktop/my-code/Blockchain Development/Clarity/timelocked-wallet/contracts/timelocked-wallet.clar
FN:25,lock
FN:38,bestow
FN:46,claim
FNDA:1,claim
FNDA:1,lock
FNF:3
FNH:2
DA:26,1
DA:27,4
DA:28,3
DA:29,4
DA:30,4
DA:31,6
DA:32,3
DA:33,2
DA:34,2
DA:39,0
DA:40,0
DA:41,0
DA:42,0
DA:47,1
DA:48,5
DA:49,4
DA:50,7
end_of_record
TN:Allows the contract owner to lock an amount
SF:/home/encryptedhubpc/Desktop/my-code/Blockchain Development/Clarity/timelocked-wallet/contracts/smart-claimant.clar
end_of_record
TN:Allows the contract owner to lock an amount
SF:/home/encryptedhubpc/Desktop/my-code/Blockchain Development/Clarity/timelocked-wallet/contracts/timelocked-wallet.clar
FN:25,lock
FN:38,bestow
FN:46,claim
FNDA:1,lock
FNF:3
FNH:1
DA:26,1
DA:27,4
DA:28,3
DA:29,4
DA:30,4
DA:31,6
DA:32,3
DA:33,2
DA:34,2
DA:39,0
DA:40,0
DA:41,0
DA:42,0
DA:47,0
DA:48,0
DA:49,0
DA:50,0
end_of_record
TN:Cannot lock more than once
SF:/home/encryptedhubpc/Desktop/my-code/Blockchain Development/Clarity/timelocked-wallet/contracts/smart-claimant.clar
end_of_record
TN:Cannot lock more than once
SF:/home/encryptedhubpc/Desktop/my-code/Blockchain Development/Clarity/timelocked-wallet/contracts/timelocked-wallet.clar
FN:25,lock
FN:38,bestow
FN:46,claim
FNDA:2,lock
FNF:3
FNH:1
DA:26,2
DA:27,8
DA:28,7
DA:29,4
DA:30,4
DA:31,6
DA:32,3
DA:33,2
DA:34,2
DA:39,0
DA:40,0
DA:41,0
DA:42,0
DA:47,0
DA:48,0
DA:49,0
DA:50,0
end_of_record
TN:Does not allow anyone else to bestow the right to claim to someone else (not even the contract owner)
SF:/home/encryptedhubpc/Desktop/my-code/Blockchain Development/Clarity/timelocked-wallet/contracts/smart-claimant.clar
end_of_record
TN:Does not allow anyone else to bestow the right to claim to someone else (not even the contract owner)
SF:/home/encryptedhubpc/Desktop/my-code/Blockchain Development/Clarity/timelocked-wallet/contracts/timelocked-wallet.clar
FN:25,lock
FN:38,bestow
FN:46,claim
FNDA:2,bestow
FNDA:1,lock
FNF:3
FNH:2
DA:26,1
DA:27,4
DA:28,3
DA:29,4
DA:30,4
DA:31,6
DA:32,3
DA:33,2
DA:34,2
DA:39,2
DA:40,12
DA:41,0
DA:42,0
DA:47,0
DA:48,0
DA:49,0
DA:50,0
end_of_record
TN:Does not allow anyone else to claim the balance when the block-height is reached
SF:/home/encryptedhubpc/Desktop/my-code/Blockchain Development/Clarity/timelocked-wallet/contracts/smart-claimant.clar
end_of_record
TN:Does not allow anyone else to claim the balance when the block-height is reached
SF:/home/encryptedhubpc/Desktop/my-code/Blockchain Development/Clarity/timelocked-wallet/contracts/timelocked-wallet.clar
FN:25,lock
FN:38,bestow
FN:46,claim
FNDA:1,claim
FNDA:1,lock
FNF:3
FNH:2
DA:26,1
DA:27,4
DA:28,3
DA:29,4
DA:30,4
DA:31,6
DA:32,3
DA:33,2
DA:34,2
DA:39,0
DA:40,0
DA:41,0
DA:42,0
DA:47,1
DA:48,6
DA:49,0
DA:50,0
end_of_record
TN:Does not allow anyone else to lock an amount
SF:/home/encryptedhubpc/Desktop/my-code/Blockchain Development/Clarity/timelocked-wallet/contracts/smart-claimant.clar
end_of_record
TN:Does not allow anyone else to lock an amount
SF:/home/encryptedhubpc/Desktop/my-code/Blockchain Development/Clarity/timelocked-wallet/contracts/timelocked-wallet.clar
FN:25,lock
FN:38,bestow
FN:46,claim
FNDA:1,lock
FNF:3
FNH:1
DA:26,1
DA:27,5
DA:28,0
DA:29,0
DA:30,0
DA:31,0
DA:32,0
DA:33,0
DA:34,0
DA:39,0
DA:40,0
DA:41,0
DA:42,0
DA:47,0
DA:48,0
DA:49,0
DA:50,0
end_of_record
TN:Does not allow the beneficiary to claim the balance before the block-height is reached
SF:/home/encryptedhubpc/Desktop/my-code/Blockchain Development/Clarity/timelocked-wallet/contracts/smart-claimant.clar
end_of_record
TN:Does not allow the beneficiary to claim the balance before the block-height is reached
SF:/home/encryptedhubpc/Desktop/my-code/Blockchain Development/Clarity/timelocked-wallet/contracts/timelocked-wallet.clar
FN:25,lock
FN:38,bestow
FN:46,claim
FNDA:1,claim
FNDA:1,lock
FNF:3
FNH:2
DA:26,1
DA:27,4
DA:28,3
DA:29,4
DA:30,4
DA:31,6
DA:32,3
DA:33,2
DA:34,2
DA:39,0
DA:40,0
DA:41,0
DA:42,0
DA:47,1
DA:48,5
DA:49,5
DA:50,0
end_of_record
TN:__analysis__
SF:/home/encryptedhubpc/Desktop/my-code/Blockchain Development/Clarity/timelocked-wallet/contracts/smart-claimant.clar
end_of_record
TN:__analysis__
SF:/home/encryptedhubpc/Desktop/my-code/Blockchain Development/Clarity/timelocked-wallet/contracts/timelocked-wallet.clar
FN:25,lock
FN:38,bestow
FN:46,claim
FNF:3
FNH:0
DA:26,0
DA:27,0
DA:28,0
DA:29,0
DA:30,0
DA:31,0
DA:32,0
DA:33,0
DA:34,0
DA:39,0
DA:40,0
DA:41,0
DA:42,0
DA:47,0
DA:48,0
DA:49,0
DA:50,0
end_of_record
